Using pre-set license
Built from '2020.3/staging' branch; Version is '2020.3.6f1 (338bb68529b2) revision 3378102'; Using compiler version '192528614'; Build Type 'Release'
OS: 'Windows 10 Home Single Language; OS build 18363.1440; Version 1909; 64bit' Language: 'en' Physical Memory: 7973 MB
BatchMode: 1, IsHumanControllingUs: 0, StartBugReporterOnCrash: 0, Is64bit: 1, IsPro: 0

 COMMAND LINE ARGUMENTS:
C:\Program Files\Unity\Hub\Editor\2020.3.6f1\Editor\Unity.exe
-adb2
-batchMode
-noUpm
-name
AssetImportWorker3
-projectPath
F:/Unity Projects/Simple-FPS__Junior-Programmer-Final-Project/Simple FPS  Jr Programmer Final Project
-logFile
Logs/AssetImportWorker3.log
-srvPort
50276
Successfully changed project path to: F:/Unity Projects/Simple-FPS__Junior-Programmer-Final-Project/Simple FPS  Jr Programmer Final Project
F:/Unity Projects/Simple-FPS__Junior-Programmer-Final-Project/Simple FPS  Jr Programmer Final Project
Using Asset Import Pipeline V2.
Refreshing native plugins compatible for Editor in 90.28 ms, found 2 plugins.
Preloading 0 native plugins for Editor in 0.00 ms.
Initialize engine version: 2020.3.6f1 (338bb68529b2)
[Subsystems] Discovering subsystems at path C:/Program Files/Unity/Hub/Editor/2020.3.6f1/Editor/Data/Resources/UnitySubsystems
[Subsystems] Discovering subsystems at path F:/Unity Projects/Simple-FPS__Junior-Programmer-Final-Project/Simple FPS  Jr Programmer Final Project/Assets
GfxDevice: creating device client; threaded=0
Direct3D:
    Version:  Direct3D 11.0 [level 11.1]
    Renderer: Intel(R) UHD Graphics (ID=0x8a56)
    Vendor:   
    VRAM:     3986 MB
    Driver:   26.20.100.7985
Initialize mono
Mono path[0] = 'C:/Program Files/Unity/Hub/Editor/2020.3.6f1/Editor/Data/Managed'
Mono path[1] = 'C:/Program Files/Unity/Hub/Editor/2020.3.6f1/Editor/Data/MonoBleedingEdge/lib/mono/unityjit'
Mono config path = 'C:/Program Files/Unity/Hub/Editor/2020.3.6f1/Editor/Data/MonoBleedingEdge/etc'
Using monoOptions --debugger-agent=transport=dt_socket,embedding=1,server=y,suspend=n,address=127.0.0.1:56028
Begin MonoManager ReloadAssembly
Registering precompiled unity dll's ...
Register platform support module: C:/Program Files/Unity/Hub/Editor/2020.3.6f1/Editor/Data/PlaybackEngines/WebGLSupport/UnityEditor.WebGL.Extensions.dll
Register platform support module: C:/Program Files/Unity/Hub/Editor/2020.3.6f1/Editor/Data/PlaybackEngines/MacStandaloneSupport/UnityEditor.OSXStandalone.Extensions.dll
Register platform support module: C:/Program Files/Unity/Hub/Editor/2020.3.6f1/Editor/Data/PlaybackEngines/WindowsStandaloneSupport/UnityEditor.WindowsStandalone.Extensions.dll
Registered in 0.005488 seconds.
Native extension for WindowsStandalone target not found
Native extension for OSXStandalone target not found
Native extension for WebGL target not found
Refreshing native plugins compatible for Editor in 94.91 ms, found 2 plugins.
Preloading 0 native plugins for Editor in 0.00 ms.
Mono: successfully reloaded assembly
- Completed reload, in  3.356 seconds
Platform modules already initialized, skipping
Registering precompiled user dll's ...
Registered in 0.007785 seconds.
Begin MonoManager ReloadAssembly
Native extension for WindowsStandalone target not found
Native extension for OSXStandalone target not found
Native extension for WebGL target not found
Refreshing native plugins compatible for Editor in 70.46 ms, found 2 plugins.
Preloading 0 native plugins for Editor in 0.00 ms.
Mono: successfully reloaded assembly
- Completed reload, in  2.123 seconds
Platform modules already initialized, skipping
========================================================================
Worker process is ready to serve import requests
Launched and connected shader compiler UnityShaderCompiler.exe after 0.38 seconds
Refreshing native plugins compatible for Editor in 0.63 ms, found 2 plugins.
Preloading 0 native plugins for Editor in 0.00 ms.
Unloading 1821 Unused Serialized files (Serialized files now loaded: 0)
System memory in use before: 91.6 MB.
System memory in use after: 91.7 MB.

Unloading 34 unused Assets to reduce memory usage. Loaded Objects now: 2301.
Total: 5.414600 ms (FindLiveObjects: 0.543500 ms CreateObjectMapping: 0.213700 ms MarkObjects: 4.472100 ms  DeleteObjects: 0.181500 ms)

========================================================================
Received Prepare
Registering precompiled user dll's ...
Registered in 0.005561 seconds.
Begin MonoManager ReloadAssembly
Native extension for WindowsStandalone target not found
Native extension for OSXStandalone target not found
Native extension for WebGL target not found
Refreshing native plugins compatible for Editor in 2.21 ms, found 2 plugins.
Preloading 0 native plugins for Editor in 0.00 ms.
Mono: successfully reloaded assembly
- Completed reload, in  5.543 seconds
Platform modules already initialized, skipping
Refreshing native plugins compatible for Editor in 1.81 ms, found 2 plugins.
Preloading 0 native plugins for Editor in 0.00 ms.
Unloading 1781 Unused Serialized files (Serialized files now loaded: 0)
System memory in use before: 88.3 MB.
System memory in use after: 88.4 MB.

Unloading 23 unused Assets to reduce memory usage. Loaded Objects now: 2304.
Total: 10.884900 ms (FindLiveObjects: 0.389200 ms CreateObjectMapping: 0.134300 ms MarkObjects: 10.230800 ms  DeleteObjects: 0.128200 ms)

========================================================================
Received Import Request.
  path: Assets/Scenes/SampleScene.unity
  artifactKey: Guid(9fc0d4010bbf28b4594072e72b8655ab) Importer(815301076,1909f56bfc062723c751e8b465ee728b)
Start importing Assets/Scenes/SampleScene.unity using Guid(9fc0d4010bbf28b4594072e72b8655ab) Importer(815301076,1909f56bfc062723c751e8b465ee728b)  -> (artifact id: '1eedfebbf818e43349aaf14ec4509119') in 0.037293 seconds
  Import took 0.131647 seconds .

========================================================================
Received Import Request.
  Time since last request: 5.942170 seconds.
  path: Assets/Scenes/Main.unity
  artifactKey: Guid(9fc0d4010bbf28b4594072e72b8655ab) Importer(815301076,1909f56bfc062723c751e8b465ee728b)
Start importing Assets/Scenes/Main.unity using Guid(9fc0d4010bbf28b4594072e72b8655ab) Importer(815301076,1909f56bfc062723c751e8b465ee728b)  -> (artifact id: '4788a6764aa39bfcd7240d6f9c4ce34b') in 0.031387 seconds
  Import took 0.137521 seconds .

========================================================================
Received Prepare
Registering precompiled user dll's ...
Registered in 0.487298 seconds.
Begin MonoManager ReloadAssembly
Native extension for WindowsStandalone target not found
Native extension for OSXStandalone target not found
Native extension for WebGL target not found
Refreshing native plugins compatible for Editor in 0.76 ms, found 2 plugins.
Preloading 0 native plugins for Editor in 0.00 ms.
Mono: successfully reloaded assembly
- Completed reload, in  4.271 seconds
Platform modules already initialized, skipping
Refreshing native plugins compatible for Editor in 1.25 ms, found 2 plugins.
Preloading 0 native plugins for Editor in 0.00 ms.
Unloading 1781 Unused Serialized files (Serialized files now loaded: 0)
System memory in use before: 88.4 MB.
System memory in use after: 88.5 MB.

Unloading 23 unused Assets to reduce memory usage. Loaded Objects now: 2307.
Total: 4.489000 ms (FindLiveObjects: 0.249100 ms CreateObjectMapping: 0.100500 ms MarkObjects: 3.996900 ms  DeleteObjects: 0.139500 ms)

========================================================================
Received Import Request.
  Time since last request: 1596.078561 seconds.
  path: Assets/Scripts/Health.cs
  artifactKey: Guid(e1cb685e82b937c45a12b40e4ce4cfc2) Importer(815301076,1909f56bfc062723c751e8b465ee728b)
Start importing Assets/Scripts/Health.cs using Guid(e1cb685e82b937c45a12b40e4ce4cfc2) Importer(815301076,1909f56bfc062723c751e8b465ee728b)  -> (artifact id: '6f2f27b3d9fe5b1e1bd71887f5260ceb') in 0.365887 seconds
  Import took 0.413220 seconds .

========================================================================
Received Import Request.
  Time since last request: 35.571645 seconds.
  path: Assets/Scripts/Health.cs
  artifactKey: Guid(e1cb685e82b937c45a12b40e4ce4cfc2) Importer(815301076,1909f56bfc062723c751e8b465ee728b)
Start importing Assets/Scripts/Health.cs using Guid(e1cb685e82b937c45a12b40e4ce4cfc2) Importer(815301076,1909f56bfc062723c751e8b465ee728b)  -> (artifact id: '862f37400dbb62995add457b824cb7ba') in 0.019424 seconds
  Import took 0.089725 seconds .

========================================================================
Received Import Request.
  Time since last request: 126.965364 seconds.
  path: Assets/Scripts/Health.cs
  artifactKey: Guid(e1cb685e82b937c45a12b40e4ce4cfc2) Importer(815301076,1909f56bfc062723c751e8b465ee728b)
Start importing Assets/Scripts/Health.cs using Guid(e1cb685e82b937c45a12b40e4ce4cfc2) Importer(815301076,1909f56bfc062723c751e8b465ee728b)  -> (artifact id: '5feb45e394739a9786dbd7be53413630') in 0.029667 seconds
  Import took 0.660277 seconds .

========================================================================
Received Prepare
Registering precompiled user dll's ...
Registered in 0.146991 seconds.
Begin MonoManager ReloadAssembly
Native extension for WindowsStandalone target not found
Native extension for OSXStandalone target not found
Native extension for WebGL target not found
Refreshing native plugins compatible for Editor in 1.03 ms, found 2 plugins.
Preloading 0 native plugins for Editor in 0.00 ms.
Mono: successfully reloaded assembly
- Completed reload, in  2.777 seconds
Platform modules already initialized, skipping
Refreshing native plugins compatible for Editor in 0.82 ms, found 2 plugins.
Preloading 0 native plugins for Editor in 0.00 ms.
Unloading 1782 Unused Serialized files (Serialized files now loaded: 0)
System memory in use before: 88.4 MB.
System memory in use after: 88.5 MB.

Unloading 23 unused Assets to reduce memory usage. Loaded Objects now: 2311.
Total: 41.064800 ms (FindLiveObjects: 0.266300 ms CreateObjectMapping: 0.099900 ms MarkObjects: 40.390500 ms  DeleteObjects: 0.304700 ms)

========================================================================
Received Import Request.
  Time since last request: 349.605623 seconds.
  path: Assets/Scripts/Health.cs
  artifactKey: Guid(e1cb685e82b937c45a12b40e4ce4cfc2) Importer(815301076,1909f56bfc062723c751e8b465ee728b)
Start importing Assets/Scripts/Health.cs using Guid(e1cb685e82b937c45a12b40e4ce4cfc2) Importer(815301076,1909f56bfc062723c751e8b465ee728b)  -> (artifact id: '46bbc200aebe2ffce27abd82194b53d9') in 0.017593 seconds
  Import took 0.046721 seconds .

========================================================================
Received Prepare
Registering precompiled user dll's ...
Registered in 0.032532 seconds.
Begin MonoManager ReloadAssembly
Native extension for WindowsStandalone target not found
Native extension for OSXStandalone target not found
Native extension for WebGL target not found
Refreshing native plugins compatible for Editor in 0.99 ms, found 2 plugins.
Preloading 0 native plugins for Editor in 0.00 ms.
Mono: successfully reloaded assembly
- Completed reload, in  5.074 seconds
Platform modules already initialized, skipping
Refreshing native plugins compatible for Editor in 0.79 ms, found 2 plugins.
Preloading 0 native plugins for Editor in 0.00 ms.
Unloading 1782 Unused Serialized files (Serialized files now loaded: 0)
System memory in use before: 88.5 MB.
System memory in use after: 88.5 MB.

Unloading 23 unused Assets to reduce memory usage. Loaded Objects now: 2314.
Total: 10.555700 ms (FindLiveObjects: 3.748100 ms CreateObjectMapping: 0.792900 ms MarkObjects: 5.697400 ms  DeleteObjects: 0.312300 ms)

========================================================================
Received Prepare
Registering precompiled user dll's ...
Registered in 0.172945 seconds.
Begin MonoManager ReloadAssembly
Native extension for WindowsStandalone target not found
Native extension for OSXStandalone target not found
Native extension for WebGL target not found
Refreshing native plugins compatible for Editor in 0.75 ms, found 2 plugins.
Preloading 0 native plugins for Editor in 0.00 ms.
Mono: successfully reloaded assembly
- Completed reload, in  2.096 seconds
Platform modules already initialized, skipping
Refreshing native plugins compatible for Editor in 0.74 ms, found 2 plugins.
Preloading 0 native plugins for Editor in 0.00 ms.
Unloading 1783 Unused Serialized files (Serialized files now loaded: 0)
System memory in use before: 88.5 MB.
System memory in use after: 88.6 MB.

Unloading 23 unused Assets to reduce memory usage. Loaded Objects now: 2318.
Total: 3.828000 ms (FindLiveObjects: 0.435300 ms CreateObjectMapping: 0.218100 ms MarkObjects: 3.001200 ms  DeleteObjects: 0.169500 ms)

========================================================================
Received Import Request.
  Time since last request: 1918.021026 seconds.
  path: Assets/Starfield Skybox/Skybox.mat
  artifactKey: Guid(81f714daf7144784b8a2f42f1cd30927) Importer(815301076,1909f56bfc062723c751e8b465ee728b)
Start importing Assets/Starfield Skybox/Skybox.mat using Guid(81f714daf7144784b8a2f42f1cd30927) Importer(815301076,1909f56bfc062723c751e8b465ee728b)  -> (artifact id: 'f5b435f25e36cc576533e4e8f439a638') in 5.273582 seconds
  Import took 5.331271 seconds .

========================================================================
Received Import Request.
  Time since last request: 35.500993 seconds.
  path: Assets/Starfield Skybox
  artifactKey: Guid(5522cf0787575384a8115f363a6df310) Importer(815301076,1909f56bfc062723c751e8b465ee728b)
Start importing Assets/Starfield Skybox using Guid(5522cf0787575384a8115f363a6df310) Importer(815301076,1909f56bfc062723c751e8b465ee728b)  -> (artifact id: '299eddd162e8159ed2446cf32d1342b2') in 0.028073 seconds
  Import took 0.055545 seconds .

========================================================================
Received Prepare
Registering precompiled user dll's ...
Registered in 0.004961 seconds.
Begin MonoManager ReloadAssembly
Native extension for WindowsStandalone target not found
Native extension for OSXStandalone target not found
Native extension for WebGL target not found
Refreshing native plugins compatible for Editor in 1.34 ms, found 2 plugins.
Preloading 0 native plugins for Editor in 0.00 ms.
Mono: successfully reloaded assembly
- Completed reload, in  5.505 seconds
Platform modules already initialized, skipping
Refreshing native plugins compatible for Editor in 0.98 ms, found 2 plugins.
Preloading 0 native plugins for Editor in 0.00 ms.
Unloading 1783 Unused Serialized files (Serialized files now loaded: 0)
System memory in use before: 91.9 MB.
System memory in use after: 92.0 MB.

Unloading 23 unused Assets to reduce memory usage. Loaded Objects now: 2362.
Total: 9.478300 ms (FindLiveObjects: 0.586900 ms CreateObjectMapping: 0.534500 ms MarkObjects: 8.136300 ms  DeleteObjects: 0.218000 ms)

AssetImportWorkerClient::OnTransportError - code=2 error=End of file
